<?xml version="1.0" encoding="UTF-8"?>
<testsuite name="com.example.AdditionOperationTest" tests="1" skipped="0" failures="0" errors="0" timestamp="2025-05-09T16:10:05.506Z" hostname="LAPTOP-2FGJQTAL" time="0.005">
  <properties/>
  <testcase name="testAddition" classname="com.example.AdditionOperationTest" time="0.005"/>
  <system-out><![CDATA[]]></system-out>
  <system-err><![CDATA[]]></system-err>
</testsuite>
